INFO  2026-02-12 12:48:35,511 serena.cli:health_check:761 - Starting health check for project: /home/rdev/ksformat
INFO  2026-02-12 12:48:35,513 serena.cli:health_check:765 - Creating SerenaAgent with disabled dashboard...
INFO  2026-02-12 12:48:35,513 serena.config.serena_config:from_config_file:574 - Loading Serena configuration from /home/rdev/.serena/serena_config.yml
INFO  2026-02-12 12:48:35,545 serena.agent:__init__:289 - Will record tool usage statistics with token count estimator: CHAR_COUNT.
INFO  2026-02-12 12:48:35,552 serena.util.file_system:_load_gitignore_files:152 - Processing .gitignore file: /home/rdev/ksformat/.serena/.gitignore
INFO  2026-02-12 12:48:35,559 serena.util.file_system:stop:367 - Loading of .gitignore files completed in 0.049 seconds
INFO  2026-02-12 12:48:35,560 serena.project:stop:367 - Gathering ignore spec for project ksformat completed in 0.051 seconds
INFO  2026-02-12 12:48:35,579 serena.agent:__init__:293 - Starting Serena server (version=0.1.4-398bcb80-dirty, process id=15560, parent process id=15524; language backend=LSP)
INFO  2026-02-12 12:48:35,579 serena.agent:__init__:297 - Configuration file: /home/rdev/.serena/serena_config.yml
INFO  2026-02-12 12:48:35,580 serena.agent:__init__:298 - Available projects: ksformat
INFO  2026-02-12 12:48:35,580 serena.agent:__init__:299 - Loaded tools (40): read_file, create_text_file, list_dir, find_file, replace_content, delete_lines, replace_lines, insert_at_line, search_for_pattern, restart_language_server, get_symbols_overview, find_symbol, find_referencing_symbols, replace_symbol_body, insert_after_symbol, insert_before_symbol, rename_symbol, write_memory, read_memory, list_memories, delete_memory, edit_memory, execute_shell_command, open_dashboard, activate_project, remove_project, switch_modes, get_current_config, check_onboarding_performed, onboarding, think_about_collected_information, think_about_task_adherence, think_about_whether_you_are_done, summarize_changes, prepare_for_new_conversation, initial_instructions, jet_brains_find_symbol, jet_brains_find_referencing_symbols, jet_brains_get_symbols_overview, jet_brains_type_hierarchy
INFO  2026-02-12 12:48:35,580 serena.agent:apply:142 - SerenaAgentContext[name='desktop-app'] included 1 tools: switch_modes
INFO  2026-02-12 12:48:35,582 serena.agent:__init__:325 - Number of exposed tools: 29
INFO  2026-02-12 12:48:35,614 serena.config.serena_config:start:360 - Loading project instance for RegisteredProject[project_root=/home/rdev/ksformat, project_config=ProjectConfig[project_name=ksformat]] starting ...
INFO  2026-02-12 12:48:35,615 serena.project:start:360 - Gathering ignore spec for project ksformat starting ...
INFO  2026-02-12 12:48:35,615 serena.util.file_system:start:360 - Loading of .gitignore files starting ...
INFO  2026-02-12 12:48:35,615 serena.config.serena_config:stop:367 - Loading project instance for RegisteredProject[project_root=/home/rdev/ksformat, project_config=ProjectConfig[project_name=ksformat]] completed in 0.001 seconds
INFO  2026-02-12 12:48:35,615 serena.agent:load_project_from_path_or_name:650 - Found registered project 'ksformat' at path /home/rdev/ksformat
INFO  2026-02-12 12:48:35,616 serena.agent:_activate_project:621 - Activating ksformat at /home/rdev/ksformat
INFO  2026-02-12 12:48:35,616 serena.task_executor:issue_task:192 - Scheduling Task-1:init_language_server_manager
INFO  2026-02-12 12:48:35,616 serena.agent:get_mode_names:199 - Active modes: ['editing', 'interactive']
INFO  2026-02-12 12:48:35,617 serena.util.file_system:_load_gitignore_files:152 - Processing .gitignore file: /home/rdev/ksformat/.gitignore
INFO  2026-02-12 12:48:35,625 serena.agent:_update_active_modes_and_tools:584 - Active tools (29): activate_project, check_onboarding_performed, create_text_file, delete_memory, edit_memory, execute_shell_command, find_file, find_referencing_symbols, find_symbol, get_current_config, get_symbols_overview, initial_instructions, insert_after_symbol, insert_before_symbol, list_dir, list_memories, onboarding, prepare_for_new_conversation, read_file, read_memory, rename_symbol, replace_content, replace_symbol_body, search_for_pattern, switch_modes, think_about_collected_information, think_about_task_adherence, think_about_whether_you_are_done, write_memory
INFO  2026-02-12 12:48:35,625 serena.cli:health_check:770 - SerenaAgent created successfully
INFO  2026-02-12 12:48:35,626 serena.cli:health_check:773 - Searching for analyzable files...
INFO  2026-02-12 12:48:35,633 serena.util.file_system:_load_gitignore_files:152 - Processing .gitignore file: /home/rdev/ksformat/.serena/.gitignore
INFO  2026-02-12 12:48:35,647 serena.util.file_system:stop:367 - Loading of .gitignore files completed in 0.032 seconds
INFO  2026-02-12 12:48:35,648 serena.project:stop:367 - Gathering ignore spec for project ksformat completed in 0.033 seconds
INFO  2026-02-12 12:48:35,654 serena.cli:health_check:782 - Found analyzable file: R/ksformat-package.R
INFO  2026-02-12 12:48:35,655 serena.cli:health_check:800 - Testing GetSymbolsOverviewTool on file: R/ksformat-package.R
INFO  2026-02-12 12:48:35,656 serena.task_executor:issue_task:192 - Scheduling Task-2:<lambda>
INFO  2026-02-12 12:48:35,683 serena.task_executor:_process_task_queue:123 - Starting execution of Task-1:init_language_server_manager
INFO  2026-02-12 12:48:35,685 serena.task_executor:start:360 - Task-1:init_language_server_manager starting ...
INFO  2026-02-12 12:48:35,685 serena.agent:start:360 - Language server initialization starting ...
INFO  2026-02-12 12:48:35,686 serena.project:create_language_server_manager:414 - Creating language server manager for /home/rdev/ksformat
INFO  2026-02-12 12:48:35,687 sensai.util.logging:start:360 - Language server startup (language=r) starting ...
INFO  2026-02-12 12:48:35,687 serena.ls_manager:create_language_server:41 - Creating language server instance for /home/rdev/ksformat, language=r.
INFO  2026-02-12 12:48:37,051 solidlsp.ls:start:2134 - Starting language server with language r for /home/rdev/ksformat
INFO  2026-02-12 12:48:37,052 solidlsp.language_servers.r_language_server:_start_server:140 - Starting R Language Server process
INFO  2026-02-12 12:48:37,052 solidlsp.ls_process:start:192 - Starting language server process via command: R --vanilla --quiet --slave -e "options(languageserver.debug_mode = FALSE); languageserver::run()"
INFO  2026-02-12 12:48:37,054 solidlsp.language_servers.r_language_server:_start_server:144 - Sending initialize request to R Language Server
INFO  2026-02-12 12:48:40,338 solidlsp.language_servers.r_language_server:_start_server:154 - R LSP completion provider available
INFO  2026-02-12 12:48:40,339 solidlsp.language_servers.r_language_server:_start_server:156 - R LSP definition provider available
INFO  2026-02-12 12:48:40,339 sensai.util.logging:stop:367 - Language server startup (language=r) completed in 4.653 seconds
INFO  2026-02-12 12:48:40,340 serena.agent:stop:367 - Language server initialization completed in 4.655 seconds
INFO  2026-02-12 12:48:40,341 serena.task_executor:stop:367 - Task-1:init_language_server_manager completed in 4.656 seconds
INFO  2026-02-12 12:48:40,341 serena.task_executor:_process_task_queue:123 - Starting execution of Task-2:<lambda>
INFO  2026-02-12 12:48:40,342 serena.task_executor:start:360 - Task-2:<lambda> starting ...
INFO  2026-02-12 12:48:42,665 serena.task_executor:stop:367 - Task-2:<lambda> completed in 2.323 seconds
INFO  2026-02-12 12:48:42,666 serena.cli:health_check:802 - GetSymbolsOverviewTool returned 0 symbols
ERROR 2026-02-12 12:48:42,666 serena.cli:health_check:805 - No symbols found in file R/ksformat-package.R
