INFO  2026-02-12 12:46:53,162 serena.cli:health_check:761 - Starting health check for project: /home/rdev/ksformat
INFO  2026-02-12 12:46:53,163 serena.cli:health_check:765 - Creating SerenaAgent with disabled dashboard...
INFO  2026-02-12 12:46:53,164 serena.config.serena_config:from_config_file:574 - Loading Serena configuration from /home/rdev/.serena/serena_config.yml
INFO  2026-02-12 12:46:53,220 serena.util.file_system:_load_gitignore_files:152 - Processing .gitignore file: /home/rdev/ksformat/.serena/.gitignore
INFO  2026-02-12 12:46:53,226 serena.agent:__init__:289 - Will record tool usage statistics with token count estimator: CHAR_COUNT.
INFO  2026-02-12 12:46:53,244 serena.util.file_system:stop:367 - Loading of .gitignore files completed in 0.087 seconds
INFO  2026-02-12 12:46:53,245 serena.project:stop:367 - Gathering ignore spec for project ksformat completed in 0.089 seconds
INFO  2026-02-12 12:46:53,281 serena.agent:__init__:293 - Starting Serena server (version=0.1.4-398bcb80-dirty, process id=14248, parent process id=14207; language backend=LSP)
INFO  2026-02-12 12:46:53,281 serena.agent:__init__:297 - Configuration file: /home/rdev/.serena/serena_config.yml
INFO  2026-02-12 12:46:53,281 serena.agent:__init__:298 - Available projects: ksformat
INFO  2026-02-12 12:46:53,282 serena.agent:__init__:299 - Loaded tools (40): read_file, create_text_file, list_dir, find_file, replace_content, delete_lines, replace_lines, insert_at_line, search_for_pattern, restart_language_server, get_symbols_overview, find_symbol, find_referencing_symbols, replace_symbol_body, insert_after_symbol, insert_before_symbol, rename_symbol, write_memory, read_memory, list_memories, delete_memory, edit_memory, execute_shell_command, open_dashboard, activate_project, remove_project, switch_modes, get_current_config, check_onboarding_performed, onboarding, think_about_collected_information, think_about_task_adherence, think_about_whether_you_are_done, summarize_changes, prepare_for_new_conversation, initial_instructions, jet_brains_find_symbol, jet_brains_find_referencing_symbols, jet_brains_get_symbols_overview, jet_brains_type_hierarchy
INFO  2026-02-12 12:46:53,282 serena.agent:apply:142 - SerenaAgentContext[name='desktop-app'] included 1 tools: switch_modes
INFO  2026-02-12 12:46:53,286 serena.agent:__init__:325 - Number of exposed tools: 29
INFO  2026-02-12 12:46:53,317 serena.config.serena_config:start:360 - Loading project instance for RegisteredProject[project_root=/home/rdev/ksformat, project_config=ProjectConfig[project_name=ksformat]] starting ...
INFO  2026-02-12 12:46:53,318 serena.project:start:360 - Gathering ignore spec for project ksformat starting ...
INFO  2026-02-12 12:46:53,318 serena.config.serena_config:stop:367 - Loading project instance for RegisteredProject[project_root=/home/rdev/ksformat, project_config=ProjectConfig[project_name=ksformat]] completed in 0.001 seconds
INFO  2026-02-12 12:46:53,318 serena.util.file_system:start:360 - Loading of .gitignore files starting ...
INFO  2026-02-12 12:46:53,319 serena.agent:load_project_from_path_or_name:650 - Found registered project 'ksformat' at path /home/rdev/ksformat
INFO  2026-02-12 12:46:53,319 serena.agent:_activate_project:621 - Activating ksformat at /home/rdev/ksformat
INFO  2026-02-12 12:46:53,319 serena.task_executor:issue_task:192 - Scheduling Task-1:init_language_server_manager
INFO  2026-02-12 12:46:53,319 serena.agent:get_mode_names:199 - Active modes: ['editing', 'interactive']
INFO  2026-02-12 12:46:53,319 serena.util.file_system:_load_gitignore_files:152 - Processing .gitignore file: /home/rdev/ksformat/.gitignore
INFO  2026-02-12 12:46:53,328 serena.agent:_update_active_modes_and_tools:584 - Active tools (29): activate_project, check_onboarding_performed, create_text_file, delete_memory, edit_memory, execute_shell_command, find_file, find_referencing_symbols, find_symbol, get_current_config, get_symbols_overview, initial_instructions, insert_after_symbol, insert_before_symbol, list_dir, list_memories, onboarding, prepare_for_new_conversation, read_file, read_memory, rename_symbol, replace_content, replace_symbol_body, search_for_pattern, switch_modes, think_about_collected_information, think_about_task_adherence, think_about_whether_you_are_done, write_memory
INFO  2026-02-12 12:46:53,328 serena.cli:health_check:770 - SerenaAgent created successfully
INFO  2026-02-12 12:46:53,328 serena.cli:health_check:773 - Searching for analyzable files...
INFO  2026-02-12 12:46:53,334 serena.util.file_system:_load_gitignore_files:152 - Processing .gitignore file: /home/rdev/ksformat/.serena/.gitignore
INFO  2026-02-12 12:46:53,351 serena.util.file_system:stop:367 - Loading of .gitignore files completed in 0.032 seconds
INFO  2026-02-12 12:46:53,352 serena.project:stop:367 - Gathering ignore spec for project ksformat completed in 0.034 seconds
INFO  2026-02-12 12:46:53,359 serena.cli:health_check:782 - Found analyzable file: R/ksformat-package.R
INFO  2026-02-12 12:46:53,359 serena.cli:health_check:800 - Testing GetSymbolsOverviewTool on file: R/ksformat-package.R
INFO  2026-02-12 12:46:53,359 serena.task_executor:issue_task:192 - Scheduling Task-2:<lambda>
INFO  2026-02-12 12:46:53,388 serena.task_executor:_process_task_queue:123 - Starting execution of Task-1:init_language_server_manager
INFO  2026-02-12 12:46:53,389 serena.task_executor:start:360 - Task-1:init_language_server_manager starting ...
INFO  2026-02-12 12:46:53,390 serena.agent:start:360 - Language server initialization starting ...
INFO  2026-02-12 12:46:53,390 serena.project:create_language_server_manager:414 - Creating language server manager for /home/rdev/ksformat
INFO  2026-02-12 12:46:53,391 sensai.util.logging:start:360 - Language server startup (language=r) starting ...
INFO  2026-02-12 12:46:53,392 serena.ls_manager:create_language_server:41 - Creating language server instance for /home/rdev/ksformat, language=r.
ERROR 2026-02-12 12:46:54,005 sensai.util.logging:__exit__:373 - Language server startup (language=r) failed after 0.614 seconds
ERROR 2026-02-12 12:46:54,006 serena.ls_manager:start_language_server:101 - Error starting language server for language r: R languageserver package is not installed.
Install it with: R -e "install.packages('languageserver')"
Traceback (most recent call last):
  File "/home/rdev/.cache/uv/archive-v0/OgiZwTdsDW51BtwJAnJGy/lib/python3.14/site-packages/serena/ls_manager.py", line 94, in start_language_server
    language_server = factory.create_language_server(language)
  File "/home/rdev/.cache/uv/archive-v0/OgiZwTdsDW51BtwJAnJGy/lib/python3.14/site-packages/serena/ls_manager.py", line 42, in create_language_server
    return SolidLanguageServer.create(
           ~~~~~~~~~~~~~~~~~~~~~~~~~~^
        ls_config,
        ^^^^^^^^^^
    ...<6 lines>...
        ),
        ^^
    )
    ^
  File "/home/rdev/.cache/uv/archive-v0/OgiZwTdsDW51BtwJAnJGy/lib/python3.14/site-packages/solidlsp/ls.py", line 395, in create
    ls = ls_class(config, repository_root_path, solidlsp_settings)  # type: ignore
  File "/home/rdev/.cache/uv/archive-v0/OgiZwTdsDW51BtwJAnJGy/lib/python3.14/site-packages/solidlsp/language_servers/r_language_server.py", line 62, in __init__
    self._check_r_installation()
    ~~~~~~~~~~~~~~~~~~~~~~~~~~^^
  File "/home/rdev/.cache/uv/archive-v0/OgiZwTdsDW51BtwJAnJGy/lib/python3.14/site-packages/solidlsp/language_servers/r_language_server.py", line 53, in _check_r_installation
    raise RuntimeError(
        "R languageserver package is not installed.\nInstall it with: R -e \"install.packages('languageserver')\""
    )
RuntimeError: R languageserver package is not installed.
Install it with: R -e "install.packages('languageserver')"
ERROR 2026-02-12 12:46:54,012 serena.agent:__exit__:373 - Language server initialization failed after 0.622 seconds
ERROR 2026-02-12 12:46:54,012 serena.task_executor:__exit__:373 - Task-1:init_language_server_manager failed after 0.622 seconds
ERROR 2026-02-12 12:46:54,012 serena.task_executor:run_task:62 - Error during execution of Task-1:init_language_server_manager: Failed to start language servers:
r: R languageserver package is not installed.
Install it with: R -e "install.packages('languageserver')"
Traceback (most recent call last):
  File "/home/rdev/.cache/uv/archive-v0/OgiZwTdsDW51BtwJAnJGy/lib/python3.14/site-packages/serena/task_executor.py", line 57, in run_task
    result = self._function()
  File "/home/rdev/.cache/uv/archive-v0/OgiZwTdsDW51BtwJAnJGy/lib/python3.14/site-packages/serena/agent.py", line 630, in init_language_server_manager
    self.reset_language_server_manager()
    ~~~~~~~~~~~~~~~~~~~~~~~~~~~~~~~~~~^^
  File "/home/rdev/.cache/uv/archive-v0/OgiZwTdsDW51BtwJAnJGy/lib/python3.14/site-packages/serena/agent.py", line 745, in reset_language_server_manager
    self.get_active_project_or_raise().create_language_server_manager(
    ~~~~~~~~~~~~~~~~~~~~~~~~~~~~~~~~~~~~~~~~~~~~~~~~~~~~~~~~~~~~~~~~~^
        log_level=self.serena_config.log_level,
        ^^^^^^^^^^^^^^^^^^^^^^^^^^^^^^^^^^^^^^^
    ...<2 lines>...
        ls_specific_settings=self.serena_config.ls_specific_settings,
        ^^^^^^^^^^^^^^^^^^^^^^^^^^^^^^^^^^^^^^^^^^^^^^^^^^^^^^^^^^^^^
    )
    ^
  File "/home/rdev/.cache/uv/archive-v0/OgiZwTdsDW51BtwJAnJGy/lib/python3.14/site-packages/serena/project.py", line 423, in create_language_server_manager
    self.language_server_manager = LanguageServerManager.from_languages(self.project_config.languages, factory)
                                   ~~~~~~~~~~~~~~~~~~~~~~~~~~~~~~~~~~~~^^^^^^^^^^^^^^^^^^^^^^^^^^^^^^^^^^^^^^^^
  File "/home/rdev/.cache/uv/archive-v0/OgiZwTdsDW51BtwJAnJGy/lib/python3.14/site-packages/serena/ls_manager.py", line 118, in from_languages
    raise Exception(f"Failed to start language servers:\n{failure_messages}")
Exception: Failed to start language servers:
r: R languageserver package is not installed.
Install it with: R -e "install.packages('languageserver')"
INFO  2026-02-12 12:46:54,015 serena.task_executor:_process_task_queue:123 - Starting execution of Task-2:<lambda>
INFO  2026-02-12 12:46:54,016 serena.task_executor:start:360 - Task-2:<lambda> starting ...
ERROR 2026-02-12 12:46:54,035 serena.task_executor:__exit__:373 - Task-2:<lambda> failed after 0.019 seconds
ERROR 2026-02-12 12:46:54,035 serena.task_executor:run_task:62 - Error during execution of Task-2:<lambda>: The language server manager is not initialized, indicating a problem during project activation. Inform the user, telling them to inspect Serena's logs in order to determine the issue. IMPORTANT: Wait for further instructions before you continue!
Traceback (most recent call last):
  File "/home/rdev/.cache/uv/archive-v0/OgiZwTdsDW51BtwJAnJGy/lib/python3.14/site-packages/serena/task_executor.py", line 57, in run_task
    result = self._function()
  File "/home/rdev/.cache/uv/archive-v0/OgiZwTdsDW51BtwJAnJGy/lib/python3.14/site-packages/serena/cli.py", line 801, in <lambda>
    overview_data = agent.execute_task(lambda: overview_tool.get_symbol_overview(target_file))
                                               ~~~~~~~~~~~~~~~~~~~~~~~~~~~~~~~~~^^^^^^^^^^^^^
  File "/home/rdev/.cache/uv/archive-v0/OgiZwTdsDW51BtwJAnJGy/lib/python3.14/site-packages/serena/tools/symbol_tools.py", line 78, in get_symbol_overview
    symbol_retriever = self.create_language_server_symbol_retriever()
  File "/home/rdev/.cache/uv/archive-v0/OgiZwTdsDW51BtwJAnJGy/lib/python3.14/site-packages/serena/tools/tools_base.py", line 54, in create_language_server_symbol_retriever
    language_server_manager = self.agent.get_language_server_manager_or_raise()
  File "/home/rdev/.cache/uv/archive-v0/OgiZwTdsDW51BtwJAnJGy/lib/python3.14/site-packages/serena/agent.py", line 393, in get_language_server_manager_or_raise
    raise Exception(
    ...<3 lines>...
    )
Exception: The language server manager is not initialized, indicating a problem during project activation. Inform the user, telling them to inspect Serena's logs in order to determine the issue. IMPORTANT: Wait for further instructions before you continue!
ERROR 2026-02-12 12:46:54,037 serena.cli:health_check:877 - Health check failed with exception: The language server manager is not initialized, indicating a problem during project activation. Inform the user, telling them to inspect Serena's logs in order to determine the issue. IMPORTANT: Wait for further instructions before you continue!
Traceback (most recent call last):
  File "/home/rdev/.cache/uv/archive-v0/OgiZwTdsDW51BtwJAnJGy/lib/python3.14/site-packages/serena/cli.py", line 801, in health_check
    overview_data = agent.execute_task(lambda: overview_tool.get_symbol_overview(target_file))
  File "/home/rdev/.cache/uv/archive-v0/OgiZwTdsDW51BtwJAnJGy/lib/python3.14/site-packages/serena/agent.py", line 612, in execute_task
    return self._task_executor.execute_task(task, name=name, logged=logged, timeout=timeout)
           ~~~~~~~~~~~~~~~~~~~~~~~~~~~~~~~~^^^^^^^^^^^^^^^^^^^^^^^^^^^^^^^^^^^^^^^^^^^^^^^^^
  File "/home/rdev/.cache/uv/archive-v0/OgiZwTdsDW51BtwJAnJGy/lib/python3.14/site-packages/serena/task_executor.py", line 209, in execute_task
    return task_obj.result()
           ~~~~~~~~~~~~~~~^^
  File "/home/rdev/.cache/uv/archive-v0/OgiZwTdsDW51BtwJAnJGy/lib/python3.14/site-packages/serena/task_executor.py", line 85, in result
    return self.future.result(timeout=timeout)
           ~~~~~~~~~~~~~~~~~~^^^^^^^^^^^^^^^^^
  File "/usr/local/lib/python3.14/concurrent/futures/_base.py", line 450, in result
    return self.__get_result()
           ~~~~~~~~~~~~~~~~~^^
  File "/usr/local/lib/python3.14/concurrent/futures/_base.py", line 395, in __get_result
    raise self._exception
  File "/home/rdev/.cache/uv/archive-v0/OgiZwTdsDW51BtwJAnJGy/lib/python3.14/site-packages/serena/task_executor.py", line 104, in wait_until_done
    self.future.result(timeout=timeout)
    ~~~~~~~~~~~~~~~~~~^^^^^^^^^^^^^^^^^
  File "/usr/local/lib/python3.14/concurrent/futures/_base.py", line 450, in result
    return self.__get_result()
           ~~~~~~~~~~~~~~~~~^^
  File "/usr/local/lib/python3.14/concurrent/futures/_base.py", line 395, in __get_result
    raise self._exception
  File "/home/rdev/.cache/uv/archive-v0/OgiZwTdsDW51BtwJAnJGy/lib/python3.14/site-packages/serena/task_executor.py", line 57, in run_task
    result = self._function()
  File "/home/rdev/.cache/uv/archive-v0/OgiZwTdsDW51BtwJAnJGy/lib/python3.14/site-packages/serena/cli.py", line 801, in <lambda>
    overview_data = agent.execute_task(lambda: overview_tool.get_symbol_overview(target_file))
                                               ~~~~~~~~~~~~~~~~~~~~~~~~~~~~~~~~~^^^^^^^^^^^^^
  File "/home/rdev/.cache/uv/archive-v0/OgiZwTdsDW51BtwJAnJGy/lib/python3.14/site-packages/serena/tools/symbol_tools.py", line 78, in get_symbol_overview
    symbol_retriever = self.create_language_server_symbol_retriever()
  File "/home/rdev/.cache/uv/archive-v0/OgiZwTdsDW51BtwJAnJGy/lib/python3.14/site-packages/serena/tools/tools_base.py", line 54, in create_language_server_symbol_retriever
    language_server_manager = self.agent.get_language_server_manager_or_raise()
  File "/home/rdev/.cache/uv/archive-v0/OgiZwTdsDW51BtwJAnJGy/lib/python3.14/site-packages/serena/agent.py", line 393, in get_language_server_manager_or_raise
    raise Exception(
    ...<3 lines>...
    )
Exception: The language server manager is not initialized, indicating a problem during project activation. Inform the user, telling them to inspect Serena's logs in order to determine the issue. IMPORTANT: Wait for further instructions before you continue!
